[?1h=[?25l[H[2J(B[mtop - 14:15:07 up 55 days, 17:06,  3 users,  load average: 0.00, 0.01, 0.05(B[m[39;49m(B[m[39;49m[K
Tasks:(B[m[39;49m[1m  99 (B[m[39;49mtotal,(B[m[39;49m[1m   2 (B[m[39;49mrunning,(B[m[39;49m[1m  97 (B[m[39;49msleeping,(B[m[39;49m[1m   0 (B[m[39;49mstopped,(B[m[39;49m[1m   0 (B[m[39;49mzombie(B[m[39;49m(B[m[39;49m[K
%Cpu(s):(B[m[39;49m[1m  5.6 (B[m[39;49mus,(B[m[39;49m[1m 11.1 (B[m[39;49msy,(B[m[39;49m[1m  0.0 (B[m[39;49mni,(B[m[39;49m[1m 83.3 (B[m[39;49mid,(B[m[39;49m[1m  0.0 (B[m[39;49mwa,(B[m[39;49m[1m  0.0 (B[m[39;49mhi,(B[m[39;49m[1m  0.0 (B[m[39;49msi,(B[m[39;49m[1m  0.0 (B[m[39;49mst(B[m[39;49m(B[m[39;49m[K
KiB Mem :(B[m[39;49m[1m   498704 (B[m[39;49mtotal,(B[m[39;49m[1m    50136 (B[m[39;49mfree,(B[m[39;49m[1m   132592 (B[m[39;49mused,(B[m[39;49m[1m   315976 (B[m[39;49mbuff/cache(B[m[39;49m(B[m[39;49m[K
KiB Swap:(B[m[39;49m[1m  1462264 (B[m[39;49mtotal,(B[m[39;49m[1m  1443500 (B[m[39;49mfree,(B[m[39;49m[1m    18764 (B[m[39;49mused.(B[m[39;49m[1m   324044 (B[m[39;49mavail Mem (B[m[39;49m(B[m[39;49m[K
[K
[7m  PID USER      PR  NI    VIRT    RES    SHR S %CPU %MEM     TIME+ COMMAND                                                                                                (B[m[39;49m[K
(B[m[1m19941 kila      20   0  162108   2100   1464 R 11.8  0.4   0:00.06 top                                                                                                    (B[m[39;49m[K
(B[m    1 root      20   0  128156   4280   2288 S  0.0  0.9   3:32.14 systemd                                                                                                (B[m[39;49m[K
(B[m    2 root      20   0       0      0      0 S  0.0  0.0   0:02.12 kthreadd                                                                                               (B[m[39;49m[K
(B[m    4 root       0 -20       0      0      0 S  0.0  0.0   0:00.00 kworker/0:0H                                                                                           (B[m[39;49m[K
(B[m    6 root      20   0       0      0      0 S  0.0  0.0   0:07.35 ksoftirqd/0                                                                                            (B[m[39;49m[K
(B[m    7 root      rt   0       0      0      0 S  0.0  0.0   0:00.00 migration/0                                                                                            (B[m[39;49m[K
(B[m    8 root      20   0       0      0      0 S  0.0  0.0   0:00.00 rcu_bh                                                                                                 (B[m[39;49m[K
(B[m[1m    9 root      20   0       0      0      0 R  0.0  0.0   0:38.05 rcu_sched                                                                                              (B[m[39;49m[K
(B[m   10 root       0 -20       0      0      0 S  0.0  0.0   0:00.00 lru-add-drain                                                                                          (B[m[39;49m[K
(B[m   11 root      rt   0       0      0      0 S  0.0  0.0   2:44.35 watchdog/0                                                                                             (B[m[39;49m[K
(B[m   13 root      20   0       0      0      0 S  0.0  0.0   0:00.00 kdevtmpfs                                                                                              (B[m[39;49m[K
(B[m   14 root       0 -20       0      0      0 S  0.0  0.0   0:00.00 netns                                                                                                  (B[m[39;49m[K
(B[m   15 root      20   0       0      0      0 S  0.0  0.0   0:05.80 khungtaskd                                                                                             (B[m[39;49m[K
(B[m   16 root       0 -20       0      0      0 S  0.0  0.0   0:00.00 writeback                                                                                              (B[m[39;49m[K
(B[m   17 root       0 -20       0      0      0 S  0.0  0.0   0:00.00 kintegrityd                                                                                            (B[m[39;49m[K
(B[m   18 root       0 -20       0      0      0 S  0.0  0.0   0:00.00 bioset                                                                                                 (B[m[39;49m[K
(B[m   19 root       0 -20       0      0      0 S  0.0  0.0   0:00.00 bioset                                                                                                 (B[m[39;49m[K
(B[m   20 root       0 -20       0      0      0 S  0.0  0.0   0:00.00 bioset                                                                                                 (B[m[39;49m[K
(B[m   21 root       0 -20       0      0      0 S  0.0  0.0   0:00.00 kblockd                                                                                                (B[m[39;49m[K
(B[m   22 root       0 -20       0      0      0 S  0.0  0.0   0:00.00 md                                                                                                     (B[m[39;49m[K
(B[m   23 root       0 -20       0      0      0 S  0.0  0.0   0:00.00 edac-poller                                                                                            (B[m[39;49m[K
(B[m   24 root       0 -20       0      0      0 S  0.0  0.0   0:00.00 watchdogd                                                                                              (B[m[39;49m[K
(B[m   27 root      20   0       0      0      0 S  0.0  0.0   0:03.09 kswapd0                                                                                                (B[m[39;49m[K
(B[m   28 root      25   5       0      0      0 S  0.0  0.0   0:00.00 ksmd                                                                                                   (B[m[39;49m[K
(B[m   29 root       0 -20       0      0      0 S  0.0  0.0   0:00.00 crypto                                                                                                 (B[m[39;49m[K
(B[m   37 root       0 -20       0      0      0 S  0.0  0.0   0:00.00 kthrotld                                                                                               (B[m[39;49m[K
(B[m   39 root       0 -20       0      0      0 S  0.0  0.0   0:00.00 kmpath_rdacd                                                                                           (B[m[39;49m[K
(B[m   40 root       0 -20       0      0      0 S  0.0  0.0   0:00.00 kaluad                                                                                                 (B[m[39;49m[K
(B[m   41 root       0 -20       0      0      0 S  0.0  0.0   0:00.00 kpsmoused                                                                                              (B[m[39;49m[K
(B[m   42 root       0 -20       0      0      0 S  0.0  0.0   0:00.00 ipv6_addrconf                                                                                          (B[m[39;49m[K
(B[m   55 root       0 -20       0      0      0 S  0.0  0.0   0:00.00 deferwq                                                                                                (B[m[39;49m[K
(B[m   92 root      20   0       0      0      0 S  0.0  0.0   0:00.64 kauditd                                                                                                (B[m[39;49m[K
(B[m  269 root       0 -20       0      0      0 S  0.0  0.0   1:35.04 kworker/0:1H                                                                                           (B[m[39;49m[K
(B[m  273 root       0 -20       0      0      0 S  0.0  0.0   0:00.02 ata_sff                                                                                                (B[m[39;49m[K
(B[m  276 root      20   0       0      0      0 S  0.0  0.0   0:00.00 scsi_eh_0                                                                                              (B[m[39;49m[K[H(B[mtop - 14:15:10 up 55 days, 17:06,  3 users,  load average: 0.00, 0.01, 0.05(B[m[39;49m(B[m[39;49m[K

%Cpu(s):(B[m[39;49m[1m  0.3 (B[m[39;49mus,(B[m[39;49m[1m  0.7 (B[m[39;49msy,(B[m[39;49m[1m  0.0 (B[m[39;49mni,(B[m[39;49m[1m 99.0 (B[m[39;49mid,(B[m[39;49m[1m  0.0 (B[m[39;49mwa,(B[m[39;49m[1m  0.0 (B[m[39;49mhi,(B[m[39;49m[1m  0.0 (B[m[39;49msi,(B[m[39;49m[1m  0.0 (B[m[39;49mst(B[m[39;49m(B[m[39;49m[K
KiB Mem :(B[m[39;49m[1m   498704 (B[m[39;49mtotal,(B[m[39;49m[1m    50012 (B[m[39;49mfree,(B[m[39;49m[1m   132704 (B[m[39;49mused,(B[m[39;49m[1m   315988 (B[m[39;49mbuff/cache(B[m[39;49m(B[m[39;49m[K
KiB Swap:(B[m[39;49m[1m  1462264 (B[m[39;49mtotal,(B[m[39;49m[1m  1443500 (B[m[39;49mfree,(B[m[39;49m[1m    18764 (B[m[39;49mused.(B[m[39;49m[1m   323924 (B[m[39;49mavail Mem (B[m[39;49m(B[m[39;49m[K
[K

(B[m19934 root      20   0       0      0      0 S  0.3  0.0   0:00.51 kworker/0:0                                                                                            (B[m[39;49m[K
(B[m19937 root      20   0       0      0      0 S  0.3  0.0   0:00.16 kworker/0:2                                                                                            (B[m[39;49m[K
(B[m[1m19941 kila      20   0  162076   2144   1484 R  0.3  0.4   0:00.07 top                                                                                                    (B[m[39;49m[K
(B[m    1 root      20   0  128156   4280   2288 S  0.0  0.9   3:32.14 systemd                                                                                                (B[m[39;49m[K
(B[m    2 root      20   0       0      0      0 S  0.0  0.0   0:02.12 kthreadd                                                                                               (B[m[39;49m[K
(B[m    4 root       0 -20       0      0      0 S  0.0  0.0   0:00.00 kworker/0:0H                                                                                           (B[m[39;49m[K
(B[m    6 root      20   0       0      0      0 S  0.0  0.0   0:07.35 ksoftirqd/0                                                                                            (B[m[39;49m[K
(B[m    7 root      rt   0       0      0      0 S  0.0  0.0   0:00.00 migration/0                                                                                            (B[m[39;49m[K
(B[m    8 root      20   0       0      0      0 S  0.0  0.0   0:00.00 rcu_bh                                                                                                 (B[m[39;49m[K
(B[m[1m    9 root      20   0       0      0      0 R  0.0  0.0   0:38.05 rcu_sched                                                                                              (B[m[39;49m[K
(B[m   10 root       0 -20       0      0      0 S  0.0  0.0   0:00.00 lru-add-drain                                                                                          (B[m[39;49m[K
(B[m   11 root      rt   0       0      0      0 S  0.0  0.0   2:44.35 watchdog/0                                                                                             (B[m[39;49m[K
(B[m   13 root      20   0       0      0      0 S  0.0  0.0   0:00.00 kdevtmpfs                                                                                              (B[m[39;49m[K
(B[m   14 root       0 -20       0      0      0 S  0.0  0.0   0:00.00 netns                                                                                                  (B[m[39;49m[K
(B[m   15 root      20   0       0      0      0 S  0.0  0.0   0:05.80 khungtaskd                                                                                             (B[m[39;49m[K
(B[m   16 root       0 -20       0      0      0 S  0.0  0.0   0:00.00 writeback                                                                                              (B[m[39;49m[K
(B[m   17 root       0 -20       0      0      0 S  0.0  0.0   0:00.00 kintegrityd                                                                                            (B[m[39;49m[K
(B[m   18 root       0 -20       0      0      0 S  0.0  0.0   0:00.00 bioset                                                                                                 (B[m[39;49m[K
(B[m   19 root       0 -20       0      0      0 S  0.0  0.0   0:00.00 bioset                                                                                                 (B[m[39;49m[K
(B[m   20 root       0 -20       0      0      0 S  0.0  0.0   0:00.00 bioset                                                                                                 (B[m[39;49m[K
(B[m   21 root       0 -20       0      0      0 S  0.0  0.0   0:00.00 kblockd                                                                                                (B[m[39;49m[K
(B[m   22 root       0 -20       0      0      0 S  0.0  0.0   0:00.00 md                                                                                                     (B[m[39;49m[K
(B[m   23 root       0 -20       0      0      0 S  0.0  0.0   0:00.00 edac-poller                                                                                            (B[m[39;49m[K
(B[m   24 root       0 -20       0      0      0 S  0.0  0.0   0:00.00 watchdogd                                                                                              (B[m[39;49m[K
(B[m   27 root      20   0       0      0      0 S  0.0  0.0   0:03.09 kswapd0                                                                                                (B[m[39;49m[K
(B[m   28 root      25   5       0      0      0 S  0.0  0.0   0:00.00 ksmd                                                                                                   (B[m[39;49m[K
(B[m   29 root       0 -20       0      0      0 S  0.0  0.0   0:00.00 crypto                                                                                                 (B[m[39;49m[K
(B[m   37 root       0 -20       0      0      0 S  0.0  0.0   0:00.00 kthrotld                                                                                               (B[m[39;49m[K
(B[m   39 root       0 -20       0      0      0 S  0.0  0.0   0:00.00 kmpath_rdacd                                                                                           (B[m[39;49m[K
(B[m   40 root       0 -20       0      0      0 S  0.0  0.0   0:00.00 kaluad                                                                                                 (B[m[39;49m[K
(B[m   41 root       0 -20       0      0      0 S  0.0  0.0   0:00.00 kpsmoused                                                                                              (B[m[39;49m[K
(B[m   42 root       0 -20       0      0      0 S  0.0  0.0   0:00.00 ipv6_addrconf                                                                                          (B[m[39;49m[K
(B[m   55 root       0 -20       0      0      0 S  0.0  0.0   0:00.00 deferwq                                                                                                (B[m[39;49m[K
(B[m   92 root      20   0       0      0      0 S  0.0  0.0   0:00.64 kauditd                                                                                                (B[m[39;49m[K
(B[m  269 root       0 -20       0      0      0 S  0.0  0.0   1:35.04 kworker/0:1H                                                                                           (B[m[39;49m[K[?1l>[43;1H
[?12l[?25h[K